This is e-upTeX, Version 3.141592653-p4.1.0-u1.29-230214-2.6 (utf8.uptex) (TeX Live 2023) (preloaded format=uplatex 2023.11.21)  8 DEC 2023 14:01
entering extended mode
 restricted \write18 enabled.
 file:line:error style messages enabled.
 %&-line parsing enabled.
**thesis.tex
(./thesis.tex
pLaTeX2e <2023-02-14u04>+1, based on
LaTeX2e <2023-11-01>
L3 programming layer <2023-11-09>
(./ampbt_nomag.cls

LaTeX Warning: You have requested document class `ampbt_nomag',
               but the document class provides `ampbt'.

Document Class: ampbt 2019/04/01 Bachelor's Thesis Class for KUAMP
\amp@tempcnta=\count185
\amp@tempdima=\dimen156
\amp@spinetitlemaxwidth=\dimen157
\wdspine=\dimen158
\amp@tempboxa=\box68
(/usr/local/texlive/2023/texmf-dist/tex/platex/jsclasses/jsarticle.cls
Document Class: jsarticle 2023/02/23 jsclasses (okumura, texjporg)
Class jsarticle Info: Autodetected engine: upLaTeX on input line 217.
\jsc@mpt=\dimen159
\jsc@mmm=\dimen160
\jsc@smallskipamount=\skip48
LaTeX Info: Redefining \textmc on input line 511.
LaTeX Info: Redefining \textgt on input line 513.
\symmincho=\mathgroup4
LaTeX Font Info:    Overwriting symbol font `mincho' in version `bold'
(Font)                  JY2/mc/m/n --> JY2/gt/m/n on input line 575.
LaTeX Font Info:    Font shape `JT2/mc/m/n' will be
(Font)              scaled to size 10.12527pt on input line 769.
LaTeX Font Info:    Font shape `JY2/mc/m/n' will be
(Font)              scaled to size 10.12527pt on input line 769.
\fullwidth=\dimen161
LaTeX Font Info:    Font shape `JT2/mc/m/n' will be
(Font)              scaled to size 8.10022pt on input line 922.
LaTeX Font Info:    Font shape `JY2/mc/m/n' will be
(Font)              scaled to size 8.10022pt on input line 922.
\c@part=\count186
\c@section=\count187
\c@subsection=\count188
\c@subsubsection=\count189
\c@paragraph=\count190
\c@subparagraph=\count191
\@abstractbox=\box69
\c@figure=\count192
\c@table=\count193
\abovecaptionskip=\skip49
\belowcaptionskip=\skip50
\jsc@tocl@width=\dimen162
\@lnumwidth=\dimen163
\bibindent=\dimen164
(/usr/local/texlive/2023/texmf-dist/tex/platex/jsclasses/jslogo.sty
Package: jslogo 2019/07/25 okumura, texjporg
LaTeX Info: Redefining \TeX on input line 82.
LaTeX Info: Redefining \LaTeX on input line 135.
LaTeX Info: Redefining \LaTeXe on input line 188.
)
\heisei=\count194
)
(/usr/local/texlive/2023/texmf-dist/tex/latex/geometry/geometry.sty
Package: geometry 2020/01/02 v5.9 Page Geometry

(/usr/local/texlive/2023/texmf-dist/tex/latex/graphics/keyval.sty
Package: keyval 2022/05/29 v1.15 key=value parser (DPC)
\KV@toks@=\toks18
)
(/usr/local/texlive/2023/texmf-dist/tex/generic/iftex/ifvtex.sty
Package: ifvtex 2019/10/25 v1.7 ifvtex legacy package. Use iftex instead.

(/usr/local/texlive/2023/texmf-dist/tex/generic/iftex/iftex.sty
Package: iftex 2022/02/03 v1.0f TeX engine tests
))
\Gm@cnth=\count195
\Gm@cntv=\count196
\c@Gm@tempcnt=\count197
\Gm@bindingoffset=\dimen165
\Gm@wd@mp=\dimen166
\Gm@odd@mp=\dimen167
\Gm@even@mp=\dimen168
\Gm@layoutwidth=\dimen169
\Gm@layoutheight=\dimen170
\Gm@layouthoffset=\dimen171
\Gm@layoutvoffset=\dimen172
\Gm@dimlist=\toks19
)
(/usr/local/texlive/2023/texmf-dist/tex/latex/graphics/graphicx.sty
Package: graphicx 2021/09/16 v1.2d Enhanced LaTeX Graphics (DPC,SPQR)

(/usr/local/texlive/2023/texmf-dist/tex/latex/graphics/graphics.sty
Package: graphics 2022/03/10 v1.4e Standard LaTeX Graphics (DPC,SPQR)

(/usr/local/texlive/2023/texmf-dist/tex/latex/graphics/trig.sty
Package: trig 2021/08/11 v1.11 sin cos tan (DPC)
)
(/usr/local/texlive/2023/texmf-dist/tex/latex/graphics-cfg/graphics.cfg
File: graphics.cfg 2016/06/04 v1.11 sample graphics configuration
)
Package graphics Info: Driver file: dvipdfmx.def on input line 107.

(/usr/local/texlive/2023/texmf-dist/tex/latex/graphics-def/dvipdfmx.def
File: dvipdfmx.def 2022/09/22 v5.0m Graphics/color driver for dvipdfmx
))
\Gin@req@height=\dimen173
\Gin@req@width=\dimen174
))
(/usr/local/texlive/2023/texmf-dist/tex/latex/amsmath/amsmath.sty
Package: amsmath 2023/05/13 v2.17o AMS math features
\@mathmargin=\skip51

For additional information on amsmath, use the `?' option.
(/usr/local/texlive/2023/texmf-dist/tex/latex/amsmath/amstext.sty
Package: amstext 2021/08/26 v2.01 AMS text

(/usr/local/texlive/2023/texmf-dist/tex/latex/amsmath/amsgen.sty
File: amsgen.sty 1999/11/30 v2.0 generic functions
\@emptytoks=\toks20
\ex@=\dimen175
))
(/usr/local/texlive/2023/texmf-dist/tex/latex/amsmath/amsbsy.sty
Package: amsbsy 1999/11/29 v1.2d Bold Symbols
\pmbraise@=\dimen176
)
(/usr/local/texlive/2023/texmf-dist/tex/latex/amsmath/amsopn.sty
Package: amsopn 2022/04/08 v2.04 operator names
)
\inf@bad=\count198
LaTeX Info: Redefining \frac on input line 234.
\uproot@=\count199
\leftroot@=\count266
LaTeX Info: Redefining \overline on input line 399.
LaTeX Info: Redefining \colon on input line 410.
\classnum@=\count267
\DOTSCASE@=\count268
LaTeX Info: Redefining \ldots on input line 496.
LaTeX Info: Redefining \dots on input line 499.
LaTeX Info: Redefining \cdots on input line 620.
\Mathstrutbox@=\box70
\strutbox@=\box71
LaTeX Info: Redefining \big on input line 722.
LaTeX Info: Redefining \Big on input line 723.
LaTeX Info: Redefining \bigg on input line 724.
LaTeX Info: Redefining \Bigg on input line 725.
\big@size=\dimen177
LaTeX Font Info:    Redeclaring font encoding OML on input line 743.
LaTeX Font Info:    Redeclaring font encoding OMS on input line 744.
\macc@depth=\count269
LaTeX Info: Redefining \bmod on input line 905.
LaTeX Info: Redefining \pmod on input line 910.
LaTeX Info: Redefining \smash on input line 940.
LaTeX Info: Redefining \relbar on input line 970.
LaTeX Info: Redefining \Relbar on input line 971.
\c@MaxMatrixCols=\count270
\dotsspace@=\muskip16
\c@parentequation=\count271
\dspbrk@lvl=\count272
\tag@help=\toks21
\row@=\count273
\column@=\count274
\maxfields@=\count275
\andhelp@=\toks22
\eqnshift@=\dimen178
\alignsep@=\dimen179
\tagshift@=\dimen180
\tagwidth@=\dimen181
\totwidth@=\dimen182
\lineht@=\dimen183
\@envbody=\toks23
\multlinegap=\skip52
\multlinetaggap=\skip53
\mathdisplay@stack=\toks24
LaTeX Info: Redefining \[ on input line 2953.
LaTeX Info: Redefining \] on input line 2954.
)
(/usr/local/texlive/2023/texmf-dist/tex/latex/amsfonts/amssymb.sty
Package: amssymb 2013/01/14 v3.01 AMS font symbols

(/usr/local/texlive/2023/texmf-dist/tex/latex/amsfonts/amsfonts.sty
Package: amsfonts 2013/01/14 v3.01 Basic AMSFonts support
\symAMSa=\mathgroup5
\symAMSb=\mathgroup6
LaTeX Font Info:    Redeclaring math symbol \hbar on input line 98.
LaTeX Font Info:    Overwriting math alphabet `\mathfrak' in version `bold'
(Font)                  U/euf/m/n --> U/euf/b/n on input line 106.
))
(./algorithmic.sty
Package: algorithmic 2009/08/24 v0.1 Document Style `algorithmic'

(/usr/local/texlive/2023/texmf-dist/tex/latex/base/ifthen.sty
Package: ifthen 2022/04/13 v1.1d Standard LaTeX ifthen package (DPC)
)
\c@ALC@unique=\count276
\c@ALC@line=\count277
\c@ALC@rem=\count278
\c@ALC@depth=\count279
\ALC@tlm=\skip54
\algorithmicindent=\skip55
)
(./algorithm.sty
Package: algorithm 2009/08/24 v0.1 Document Style `algorithm' - floating enviro
nment
 (/usr/local/texlive/2023/texmf-dist/tex/latex/float/float.sty
Package: float 2001/11/08 v1.3d Float enhancements (AL)
\c@float@type=\count280
\float@exts=\toks25
\float@box=\box72
\@float@everytoks=\toks26
\@floatcapt=\box73
)
\@float@every@algorithm=\toks27
\c@algorithm=\count281
) (/usr/local/texlive/2023/texmf-dist/tex/latex/caption/subcaption.sty
Package: subcaption 2023/07/28 v1.6b Sub-captions (AR)

(/usr/local/texlive/2023/texmf-dist/tex/latex/caption/caption.sty
Package: caption 2023/08/05 v3.6o Customizing captions (AR)

(/usr/local/texlive/2023/texmf-dist/tex/latex/caption/caption3.sty
Package: caption3 2023/07/31 v2.4d caption3 kernel (AR)
\caption@tempdima=\dimen184
\captionmargin=\dimen185
\caption@leftmargin=\dimen186
\caption@rightmargin=\dimen187
\caption@width=\dimen188
\caption@indent=\dimen189
\caption@parindent=\dimen190
\caption@hangindent=\dimen191
Package caption Info: Unknown document class (or package),
(caption)             standard defaults will be used.
Package caption Info: \@makecaption = \long macro:#1#2->{\small \advance \lefts
kip .0628\linewidth \advance \rightskip .0628\linewidth \vskip \abovecaptionski
p \sbox \@tempboxa {#1\hskip 1zw\relax #2}\ifdim \wd \@tempboxa <\hsize \center
ing \fi #1{\hskip 1zw\relax }#2\par \vskip \belowcaptionskip } on input line 11
75.
)

Package caption Warning: Unknown document class (or package),
(caption)                standard defaults will be used.
See the caption package documentation for explanation.

\c@caption@flags=\count282
\c@continuedfloat=\count283
Package caption Info: float package is loaded.
)
Package caption Info: New subtype `subfigure' on input line 238.
\c@subfigure=\count284
Package caption Info: New subtype `subtable' on input line 238.
\c@subtable=\count285
)
(/usr/local/texlive/2023/texmf-dist/tex/latex/l3backend/l3backend-dvipdfmx.def
File: l3backend-dvipdfmx.def 2023-11-09 L3 backend support: dvipdfmx
\g__graphics_track_int=\count286
\l__pdf_internal_box=\box74
\g__pdf_backend_object_int=\count287
\g__pdf_backend_annotation_int=\count288
\g__pdf_backend_link_int=\count289
) (./thesis.aux)
\openout1 = `thesis.aux'.

LaTeX Font Info:    Checking defaults for OML/cmm/m/it on input line 62.
LaTeX Font Info:    ... okay on input line 62.
LaTeX Font Info:    Checking defaults for OMS/cmsy/m/n on input line 62.
LaTeX Font Info:    ... okay on input line 62.
LaTeX Font Info:    Checking defaults for OT1/cmr/m/n on input line 62.
LaTeX Font Info:    ... okay on input line 62.
LaTeX Font Info:    Checking defaults for T1/cmr/m/n on input line 62.
LaTeX Font Info:    ... okay on input line 62.
LaTeX Font Info:    Checking defaults for TS1/cmr/m/n on input line 62.
LaTeX Font Info:    ... okay on input line 62.
LaTeX Font Info:    Checking defaults for OMX/cmex/m/n on input line 62.
LaTeX Font Info:    ... okay on input line 62.
LaTeX Font Info:    Checking defaults for U/cmr/m/n on input line 62.
LaTeX Font Info:    ... okay on input line 62.
LaTeX Font Info:    Checking defaults for JY2/mc/m/n on input line 62.
LaTeX Font Info:    ... okay on input line 62.
LaTeX Font Info:    Checking defaults for JT2/mc/m/n on input line 62.
LaTeX Font Info:    ... okay on input line 62.

*geometry* detected driver: dvipdfm
*geometry* verbose mode - [ preamble ] result:
* driver: dvipdfm
* paper: a4paper
* layout: <same size as paper>
* layoutoffset:(h,v)=(0.0pt,0.0pt)
* modes: truedimen 
* h-part:(L,W,R)=(75.9979pt, 445.51208pt, 75.9979pt)
* v-part:(T,H,B)=(80.09747pt, 644.80312pt, 120.14626pt)
* \paperwidth=597.50787pt
* \paperheight=845.04684pt
* \textwidth=445.51208pt
* \textheight=644.80312pt
* \oddsidemargin=3.7279pt
* \evensidemargin=3.7279pt
* \topmargin=-28.55754pt
* \headheight=21.90002pt
* \headsep=14.485pt
* \topskip=13.97292pt
* \footskip=28.45792pt
* \marginparwidth=20.25055pt
* \marginparsep=20.25055pt
* \columnsep=20.25055pt
* \skip\footins=17.52002pt plus 5.475pt minus 2.19pt
* \hoffset=0.0pt
* \voffset=0.0pt
* \mag=1000
* \@twocolumnfalse
* \@twosidefalse
* \@mparswitchfalse
* \@reversemarginfalse
* (1in=72.27pt=25.4mm, 1cm=28.453pt)

Package caption Info: Begin \AtBeginDocument code.
Package caption Info: End \AtBeginDocument code.
*geometry* verbose mode - [ newgeometry ] result:
* driver: dvipdfm
* paper: a4paper
* layout: <same size as paper>
* layoutoffset:(h,v)=(0.0pt,0.0pt)
* modes: truedimen 
* h-part:(L,W,R)=(56.9055pt, 483.69687pt, 56.9055pt)
* v-part:(T,H,B)=(85.35826pt, 674.33032pt, 85.35826pt)
* \paperwidth=597.50787pt
* \paperheight=845.04684pt
* \textwidth=483.69687pt
* \textheight=674.33032pt
* \oddsidemargin=-15.36449pt
* \evensidemargin=-15.36449pt
* \topmargin=-23.29675pt
* \headheight=21.90002pt
* \headsep=14.485pt
* \topskip=13.97292pt
* \footskip=28.45792pt
* \marginparwidth=20.25055pt
* \marginparsep=20.25055pt
* \columnsep=20.25055pt
* \skip\footins=17.52002pt plus 5.475pt minus 2.19pt
* \hoffset=0.0pt
* \voffset=0.0pt
* \mag=1000
* \@twocolumnfalse
* \@twosidefalse
* \@mparswitchfalse
* \@reversemarginfalse
* (1in=72.27pt=25.4mm, 1cm=28.453pt)

LaTeX Font Info:    Calculating math sizes for size <10.95001> on input line 65
.

LaTeX Font Warning: Font shape `OT1/cmr/m/n' in size <5.475> not available
(Font)              size <5> substituted on input line 65.


LaTeX Font Warning: Font shape `OML/cmm/m/it' in size <5.475> not available
(Font)              size <5> substituted on input line 65.


LaTeX Font Warning: Font shape `OMS/cmsy/m/n' in size <5.475> not available
(Font)              size <5> substituted on input line 65.

LaTeX Font Info:    Font shape `JY2/mc/m/n' will be
(Font)              scaled to size 7.08765pt on input line 65.
LaTeX Font Info:    Font shape `JY2/mc/m/n' will be
(Font)              scaled to size 5.06264pt on input line 65.
LaTeX Font Info:    Trying to load font information for U+msa on input line 65.

(/usr/local/texlive/2023/texmf-dist/tex/latex/amsfonts/umsa.fd
File: umsa.fd 2013/01/14 v3.01 AMS symbols A
)
LaTeX Font Info:    Trying to load font information for U+msb on input line 65.


(/usr/local/texlive/2023/texmf-dist/tex/latex/amsfonts/umsb.fd
File: umsb.fd 2013/01/14 v3.01 AMS symbols B
)
LaTeX Font Info:    Font shape `JT2/mc/m/n' will be
(Font)              scaled to size 14.5804pt on input line 65.
LaTeX Font Info:    Font shape `JY2/mc/m/n' will be
(Font)              scaled to size 14.5804pt on input line 65.


LaTeX Font Warning: Font shape `OT1/cmr/m/n' in size <15.768> not available
(Font)              size <14.4> substituted on input line 65.

LaTeX Font Info:    Font shape `JT2/mc/m/n' will be
(Font)              scaled to size 17.49648pt on input line 65.
LaTeX Font Info:    Font shape `JY2/mc/m/n' will be
(Font)              scaled to size 17.49648pt on input line 65.

LaTeX Font Warning: Font shape `OT1/cmr/m/n' in size <18.92162> not available
(Font)              size <17.28> substituted on input line 65.

LaTeX Font Info:    Calculating math sizes for size <15.768> on input line 65.

LaTeX Font Warning: Font shape `OML/cmm/m/it' in size <15.768> not available
(Font)              size <14.4> substituted on input line 65.


LaTeX Font Warning: Font shape `OMS/cmsy/m/n' in size <15.768> not available
(Font)              size <14.4> substituted on input line 65.

LaTeX Font Info:    Font shape `JY2/mc/m/n' will be
(Font)              scaled to size 10.20622pt on input line 65.
LaTeX Font Info:    Font shape `JY2/mc/m/n' will be
(Font)              scaled to size 7.29019pt on input line 65.
LaTeX Font Info:    Font shape `JT2/mc/m/n' will be
(Font)              scaled to size 20.99983pt on input line 65.
LaTeX Font Info:    Font shape `JY2/mc/m/n' will be
(Font)              scaled to size 20.99983pt on input line 65.

LaTeX Font Warning: Font shape `OT1/cmr/m/n' in size <22.71033> not available
(Font)              size <20.74> substituted on input line 65.

[1



]
LaTeX Font Info:    Font shape `JT2/gt/m/n' will be
(Font)              scaled to size 10.12527pt on input line 66.
LaTeX Font Info:    Font shape `JY2/gt/m/n' will be
(Font)              scaled to size 10.12527pt on input line 66.
 [2



]
LaTeX Font Info:    Font shape `JT2/gt/m/n' will be
(Font)              scaled to size 14.5804pt on input line 67.
LaTeX Font Info:    Font shape `JY2/gt/m/n' will be
(Font)              scaled to size 14.5804pt on input line 67.


LaTeX Font Warning: Font shape `OT1/cmss/m/n' in size <15.768> not available
(Font)              size <14.4> substituted on input line 67.

(./thesis.toc)
\tf@toc=\write3
\openout3 = `thesis.toc'.

 [3


]
LaTeX Font Info:    Font shape `JT2/mc/m/n' will be
(Font)              scaled to size 12.15033pt on input line 82.
LaTeX Font Info:    Font shape `JY2/mc/m/n' will be
(Font)              scaled to size 12.15033pt on input line 82.


LaTeX Font Warning: Font shape `OT1/cmr/m/n' in size <13.14001> not available
(Font)              size <12> substituted on input line 82.

LaTeX Font Info:    Font shape `JT2/gt/m/n' will be
(Font)              scaled to size 12.15033pt on input line 82.
LaTeX Font Info:    Font shape `JY2/gt/m/n' will be
(Font)              scaled to size 12.15033pt on input line 82.

LaTeX Font Warning: Font shape `OT1/cmss/m/n' in size <13.14001> not available
(Font)              size <12> substituted on input line 82.

[1

] [2]
LaTeX Font Info:    Font shape `JT2/mc/m/n' will be
(Font)              scaled to size 7.08765pt on input line 129.
LaTeX Font Info:    Font shape `JT2/mc/m/n' will be
(Font)              scaled to size 5.06264pt on input line 129.
 [3] [4]
LaTeX Font Info:    Font shape `JT2/mc/bx/n' in size <10.95001> not available
(Font)              Font shape `JT2/gt/m/n' tried instead on input line 179.
LaTeX Font Info:    Font shape `JT2/gt/m/n' will be
(Font)              scaled to size 10.12527pt on input line 179.
LaTeX Font Info:    Font shape `JY2/mc/bx/n' in size <10.95001> not available
(Font)              Font shape `JY2/gt/m/n' tried instead on input line 179.
LaTeX Font Info:    Font shape `JY2/gt/m/n' will be
(Font)              scaled to size 10.12527pt on input line 179.


LaTeX Warning: Reference `pertsch2021accelerating' on page 5 undefined on input
 line 179.


LaTeX Font Warning: Font shape `OT1/cmr/bx/n' in size <5.475> not available
(Font)              size <5> substituted on input line 179.


LaTeX Font Warning: Font shape `OML/cmm/b/it' in size <5.475> not available
(Font)              size <5> substituted on input line 179.


LaTeX Font Warning: Font shape `OMS/cmsy/b/n' in size <5.475> not available
(Font)              size <5> substituted on input line 179.

LaTeX Font Info:    Font shape `JY2/gt/m/n' will be
(Font)              scaled to size 7.08765pt on input line 179.
LaTeX Font Info:    Font shape `JY2/gt/m/n' will be
(Font)              scaled to size 5.06264pt on input line 179.
File: asset/img/dclaw.pdf Graphic file (type pdf)
<asset/img/dclaw.pdf>
[5] (./thesis.bbl [6]
LaTeX Font Info:    Font shape `JT2/gt/m/it' in size <10.95001> not available
(Font)              Font shape `JT2/gt/m/n' tried instead on input line 5.
LaTeX Font Info:    Font shape `JT2/gt/m/n' will be
(Font)              scaled to size 10.12527pt on input line 5.
LaTeX Font Info:    Font shape `JY2/gt/m/it' in size <10.95001> not available
(Font)              Font shape `JY2/gt/m/n' tried instead on input line 5.
LaTeX Font Info:    Font shape `JY2/gt/m/n' will be
(Font)              scaled to size 10.12527pt on input line 5.
 [7]) [8]
*geometry* verbose mode - [ newgeometry ] result:
* driver: dvipdfm
* paper: a4paper
* layout: <same size as paper>
* layoutoffset:(h,v)=(0.0pt,0.0pt)
* modes: truedimen 
* h-part:(L,W,R)=(56.9055pt, 483.69687pt, 56.9055pt)
* v-part:(T,H,B)=(85.35826pt, 674.33032pt, 85.35826pt)
* \paperwidth=597.50787pt
* \paperheight=845.04684pt
* \textwidth=483.69687pt
* \textheight=674.33032pt
* \oddsidemargin=-15.36449pt
* \evensidemargin=-15.36449pt
* \topmargin=-23.29675pt
* \headheight=21.90002pt
* \headsep=14.485pt
* \topskip=13.97292pt
* \footskip=28.45792pt
* \marginparwidth=20.25055pt
* \marginparsep=20.25055pt
* \columnsep=20.25055pt
* \skip\footins=17.52002pt plus 5.475pt minus 2.19pt
* \hoffset=0.0pt
* \voffset=0.0pt
* \mag=1000
* \@twocolumnfalse
* \@twosidefalse
* \@mparswitchfalse
* \@reversemarginfalse
* (1in=72.27pt=25.4mm, 1cm=28.453pt)

 [9



]
*geometry* verbose mode - [ newgeometry ] result:
* driver: dvipdfm
* paper: a4paper
* layout: <same size as paper>
* layoutoffset:(h,v)=(0.0pt,0.0pt)
* modes: truedimen 
* h-part:(L,W,R)=(85.35826pt, 426.79135pt, 85.35826pt)
* v-part:(T,H,B)=(21.33955pt, 802.36774pt, 21.33955pt)
* \paperwidth=597.50787pt
* \paperheight=845.04684pt
* \textwidth=426.79135pt
* \textheight=802.36774pt
* \oddsidemargin=13.08827pt
* \evensidemargin=13.08827pt
* \topmargin=-87.31546pt
* \headheight=21.90002pt
* \headsep=14.485pt
* \topskip=13.97292pt
* \footskip=28.45792pt
* \marginparwidth=20.25055pt
* \marginparsep=20.25055pt
* \columnsep=20.25055pt
* \skip\footins=17.52002pt plus 5.475pt minus 2.19pt
* \hoffset=0.0pt
* \voffset=0.0pt
* \mag=1000
* \@twocolumnfalse
* \@twosidefalse
* \@mparswitchfalse
* \@reversemarginfalse
* (1in=72.27pt=25.4mm, 1cm=28.453pt)

 [10




] [11



] (./thesis.aux)
 ***********
pLaTeX2e <2023-02-14u04>+1, based on
LaTeX2e <2023-11-01>
L3 programming layer <2023-11-09>
 ***********


LaTeX Font Warning: Size substitutions with differences
(Font)              up to 1.97032pt have occurred.


LaTeX Warning: There were undefined references.

 ) 
Here is how much of TeX's memory you used:
 4883 strings out of 476416
 77870 string characters out of 5799311
 1927400 words of memory out of 5000000
 26924 multiletter control sequences out of 15000+600000
 576366 words of font info for 124 fonts, out of 8000000 for 9000
 19 hyphenation exceptions out of 8191
 72i,16n,79p,1246b,468s stack positions out of 10000i,1000n,20000p,200000b,200000s

Output written on thesis.dvi (14 pages, 37624 bytes).
